WARNING - 2025-06-03 11:45:05 --> [DEPRECATED] Creation of dynamic property App\Controllers\FriendController::$token is deprecated in APPPATH/Controllers/BaseController.php on line 59.
 1 SYSTEMPATH/Test/ControllerTestTrait.php(139): App\Controllers\BaseController->initController(Object(CodeIgniter\HTTP\IncomingRequest), Object(CodeIgniter\HTTP\Response), Object(CodeIgniter\Log\Logger))
 2 ROOTPATH/tests/app/Base/BaseTestCase.php(40): App\Base\BaseTestCase->controller('App\\Controllers\\FriendController')
 3 ROOTPATH/tests/app/Controllers/FriendTest.php(23): App\Base\BaseTestCase->call_function_controller_type('post', [...], 'App\\Controllers\\FriendController', 'saveFriendship')
 4 VENDORPATH/phpunit/phpunit/src/Framework/TestCase.php(1656): App\Controllers\FriendTest->testSaveFriendship()
 5 VENDORPATH/phpunit/phpunit/src/Framework/TestCase.php(514): PHPUnit\Framework\TestCase->runTest()
 6 VENDORPATH/phpunit/phpunit/src/Framework/TestRunner/TestRunner.php(87): PHPUnit\Framework\TestCase->runBare()
 7 VENDORPATH/phpunit/phpunit/src/Framework/TestCase.php(361): PHPUnit\Framework\TestRunner->run(Object(App\Controllers\FriendTest))
 8 VENDORPATH/phpunit/phpunit/src/Framework/TestSuite.php(369): PHPUnit\Framework\TestCase->run()
 9 VENDORPATH/phpunit/phpunit/src/Framework/TestSuite.php(369): PHPUnit\Framework\TestSuite->run()
10 VENDORPATH/phpunit/phpunit/src/Framework/TestSuite.php(369): PHPUnit\Framework\TestSuite->run()
11 VENDORPATH/phpunit/phpunit/src/TextUI/TestRunner.php(64): PHPUnit\Framework\TestSuite->run()
12 VENDORPATH/phpunit/phpunit/src/TextUI/Application.php(210): PHPUnit\TextUI\TestRunner->run(Object(PHPUnit\TextUI\Configuration\Configuration), Object(PHPUnit\Runner\ResultCache\DefaultResultCache), Object(PHPUnit\Framework\TestSuite))
13 VENDORPATH/phpunit/phpunit/phpunit(104): PHPUnit\TextUI\Application->run([...])
14 VENDORPATH/bin/phpunit(120): include('/var/www/html/_/vendor/phpunit/phpunit/phpunit')
WARNING - 2025-06-03 11:45:06 --> [DEPRECATED] Creation of dynamic property App\Controllers\FriendController::$token is deprecated in APPPATH/Controllers/BaseController.php on line 59.
 1 SYSTEMPATH/Test/ControllerTestTrait.php(139): App\Controllers\BaseController->initController(Object(CodeIgniter\HTTP\IncomingRequest), Object(CodeIgniter\HTTP\Response), Object(CodeIgniter\Log\Logger))
 2 ROOTPATH/tests/app/Base/BaseTestCase.php(40): App\Base\BaseTestCase->controller('App\\Controllers\\FriendController')
 3 ROOTPATH/tests/app/Controllers/FriendTest.php(60): App\Base\BaseTestCase->call_function_controller_type('post', [...], 'App\\Controllers\\FriendController', 'saveFriendship')
 4 VENDORPATH/phpunit/phpunit/src/Framework/TestCase.php(1656): App\Controllers\FriendTest->testSaveFriendship()
 5 VENDORPATH/phpunit/phpunit/src/Framework/TestCase.php(514): PHPUnit\Framework\TestCase->runTest()
 6 VENDORPATH/phpunit/phpunit/src/Framework/TestRunner/TestRunner.php(87): PHPUnit\Framework\TestCase->runBare()
 7 VENDORPATH/phpunit/phpunit/src/Framework/TestCase.php(361): PHPUnit\Framework\TestRunner->run(Object(App\Controllers\FriendTest))
 8 VENDORPATH/phpunit/phpunit/src/Framework/TestSuite.php(369): PHPUnit\Framework\TestCase->run()
 9 VENDORPATH/phpunit/phpunit/src/Framework/TestSuite.php(369): PHPUnit\Framework\TestSuite->run()
10 VENDORPATH/phpunit/phpunit/src/Framework/TestSuite.php(369): PHPUnit\Framework\TestSuite->run()
11 VENDORPATH/phpunit/phpunit/src/TextUI/TestRunner.php(64): PHPUnit\Framework\TestSuite->run()
12 VENDORPATH/phpunit/phpunit/src/TextUI/Application.php(210): PHPUnit\TextUI\TestRunner->run(Object(PHPUnit\TextUI\Configuration\Configuration), Object(PHPUnit\Runner\ResultCache\DefaultResultCache), Object(PHPUnit\Framework\TestSuite))
13 VENDORPATH/phpunit/phpunit/phpunit(104): PHPUnit\TextUI\Application->run([...])
14 VENDORPATH/bin/phpunit(120): include('/var/www/html/_/vendor/phpunit/phpunit/phpunit')
ERROR - 2025-06-03 11:45:06 --> ErrorException: pg_query(): Query failed: ERROR:  insert or update on table "friends" violates foreign key constraint "friends_user1_fkey"
DETAIL:  Key (user1)=(47) is not present in table "users". in /var/www/html/_/system/Database/Postgre/Connection.php:206
Stack trace:
#0 [internal function]: CodeIgniter\Debug\Exceptions->errorHandler()
#1 /var/www/html/_/system/Database/Postgre/Connection.php(206): pg_query()
#2 /var/www/html/_/system/Database/BaseConnection.php(738): CodeIgniter\Database\Postgre\Connection->execute()
#3 /var/www/html/_/system/Database/BaseConnection.php(652): CodeIgniter\Database\BaseConnection->simpleQuery()
#4 /var/www/html/_/system/Database/BaseBuilder.php(2345): CodeIgniter\Database\BaseConnection->query()
#5 /var/www/html/_/system/Model.php(394): CodeIgniter\Database\BaseBuilder->insert()
#6 /var/www/html/_/system/BaseModel.php(839): CodeIgniter\Model->doInsert()
#7 /var/www/html/_/system/Model.php(800): CodeIgniter\BaseModel->insert()
#8 /var/www/html/_/system/BaseModel.php(750): CodeIgniter\Model->insert()
#9 /var/www/html/_/app/Controllers/FriendController.php(31): CodeIgniter\BaseModel->save()
#10 /var/www/html/_/system/Test/ControllerTestTrait.php(166): App\Controllers\FriendController->saveFriendship()
#11 /var/www/html/_/tests/app/Base/BaseTestCase.php(40): App\Base\BaseTestCase->execute()
#12 /var/www/html/_/tests/app/Controllers/FriendTest.php(60): App\Base\BaseTestCase->call_function_controller_type()
#13 /var/www/html/_/vendor/phpunit/phpunit/src/Framework/TestCase.php(1656): App\Controllers\FriendTest->testSaveFriendship()
#14 /var/www/html/_/vendor/phpunit/phpunit/src/Framework/TestCase.php(514): PHPUnit\Framework\TestCase->runTest()
#15 /var/www/html/_/vendor/phpunit/phpunit/src/Framework/TestRunner/TestRunner.php(87): PHPUnit\Framework\TestCase->runBare()
#16 /var/www/html/_/vendor/phpunit/phpunit/src/Framework/TestCase.php(361): PHPUnit\Framework\TestRunner->run()
#17 /var/www/html/_/vendor/phpunit/phpunit/src/Framework/TestSuite.php(369): PHPUnit\Framework\TestCase->run()
#18 /var/www/html/_/vendor/phpunit/phpunit/src/Framework/TestSuite.php(369): PHPUnit\Framework\TestSuite->run()
#19 /var/www/html/_/vendor/phpunit/phpunit/src/Framework/TestSuite.php(369): PHPUnit\Framework\TestSuite->run()
#20 /var/www/html/_/vendor/phpunit/phpunit/src/TextUI/TestRunner.php(64): PHPUnit\Framework\TestSuite->run()
#21 /var/www/html/_/vendor/phpunit/phpunit/src/TextUI/Application.php(210): PHPUnit\TextUI\TestRunner->run()
#22 /var/www/html/_/vendor/phpunit/phpunit/phpunit(104): PHPUnit\TextUI\Application->run()
#23 /var/www/html/_/vendor/bin/phpunit(120): include('...')
#24 {main}
WARNING - 2025-06-03 11:45:06 --> [DEPRECATED] Creation of dynamic property App\Controllers\FriendController::$token is deprecated in APPPATH/Controllers/BaseController.php on line 59.
 1 SYSTEMPATH/Test/ControllerTestTrait.php(139): App\Controllers\BaseController->initController(Object(CodeIgniter\HTTP\IncomingRequest), Object(CodeIgniter\HTTP\Response), Object(CodeIgniter\Log\Logger))
 2 ROOTPATH/tests/app/Base/BaseTestCase.php(40): App\Base\BaseTestCase->controller('App\\Controllers\\FriendController')
 3 ROOTPATH/tests/app/Controllers/FriendTest.php(126): App\Base\BaseTestCase->call_function_controller_type('post', [...], 'App\\Controllers\\FriendController', 'deleteFriendship')
 4 VENDORPATH/phpunit/phpunit/src/Framework/TestCase.php(1656): App\Controllers\FriendTest->testDeleteFriendship()
 5 VENDORPATH/phpunit/phpunit/src/Framework/TestCase.php(514): PHPUnit\Framework\TestCase->runTest()
 6 VENDORPATH/phpunit/phpunit/src/Framework/TestRunner/TestRunner.php(87): PHPUnit\Framework\TestCase->runBare()
 7 VENDORPATH/phpunit/phpunit/src/Framework/TestCase.php(361): PHPUnit\Framework\TestRunner->run(Object(App\Controllers\FriendTest))
 8 VENDORPATH/phpunit/phpunit/src/Framework/TestSuite.php(369): PHPUnit\Framework\TestCase->run()
 9 VENDORPATH/phpunit/phpunit/src/Framework/TestSuite.php(369): PHPUnit\Framework\TestSuite->run()
10 VENDORPATH/phpunit/phpunit/src/Framework/TestSuite.php(369): PHPUnit\Framework\TestSuite->run()
11 VENDORPATH/phpunit/phpunit/src/TextUI/TestRunner.php(64): PHPUnit\Framework\TestSuite->run()
12 VENDORPATH/phpunit/phpunit/src/TextUI/Application.php(210): PHPUnit\TextUI\TestRunner->run(Object(PHPUnit\TextUI\Configuration\Configuration), Object(PHPUnit\Runner\ResultCache\DefaultResultCache), Object(PHPUnit\Framework\TestSuite))
13 VENDORPATH/phpunit/phpunit/phpunit(104): PHPUnit\TextUI\Application->run([...])
14 VENDORPATH/bin/phpunit(120): include('/var/www/html/_/vendor/phpunit/phpunit/phpunit')
WARNING - 2025-06-03 11:45:06 --> [DEPRECATED] Creation of dynamic property App\Controllers\FriendController::$token is deprecated in APPPATH/Controllers/BaseController.php on line 59.
 1 SYSTEMPATH/Test/ControllerTestTrait.php(139): App\Controllers\BaseController->initController(Object(CodeIgniter\HTTP\IncomingRequest), Object(CodeIgniter\HTTP\Response), Object(CodeIgniter\Log\Logger))
 2 ROOTPATH/tests/app/Base/BaseTestCase.php(40): App\Base\BaseTestCase->controller('App\\Controllers\\FriendController')
 3 ROOTPATH/tests/app/Controllers/FriendTest.php(169): App\Base\BaseTestCase->call_function_controller_type('post', [...], 'App\\Controllers\\FriendController', 'deleteFriendship')
 4 VENDORPATH/phpunit/phpunit/src/Framework/TestCase.php(1656): App\Controllers\FriendTest->testDeleteFriendship()
 5 VENDORPATH/phpunit/phpunit/src/Framework/TestCase.php(514): PHPUnit\Framework\TestCase->runTest()
 6 VENDORPATH/phpunit/phpunit/src/Framework/TestRunner/TestRunner.php(87): PHPUnit\Framework\TestCase->runBare()
 7 VENDORPATH/phpunit/phpunit/src/Framework/TestCase.php(361): PHPUnit\Framework\TestRunner->run(Object(App\Controllers\FriendTest))
 8 VENDORPATH/phpunit/phpunit/src/Framework/TestSuite.php(369): PHPUnit\Framework\TestCase->run()
 9 VENDORPATH/phpunit/phpunit/src/Framework/TestSuite.php(369): PHPUnit\Framework\TestSuite->run()
10 VENDORPATH/phpunit/phpunit/src/Framework/TestSuite.php(369): PHPUnit\Framework\TestSuite->run()
11 VENDORPATH/phpunit/phpunit/src/TextUI/TestRunner.php(64): PHPUnit\Framework\TestSuite->run()
12 VENDORPATH/phpunit/phpunit/src/TextUI/Application.php(210): PHPUnit\TextUI\TestRunner->run(Object(PHPUnit\TextUI\Configuration\Configuration), Object(PHPUnit\Runner\ResultCache\DefaultResultCache), Object(PHPUnit\Framework\TestSuite))
13 VENDORPATH/phpunit/phpunit/phpunit(104): PHPUnit\TextUI\Application->run([...])
14 VENDORPATH/bin/phpunit(120): include('/var/www/html/_/vendor/phpunit/phpunit/phpunit')
WARNING - 2025-06-03 11:45:06 --> [DEPRECATED] Creation of dynamic property App\Controllers\FriendController::$token is deprecated in APPPATH/Controllers/BaseController.php on line 59.
 1 SYSTEMPATH/Test/ControllerTestTrait.php(139): App\Controllers\BaseController->initController(Object(CodeIgniter\HTTP\IncomingRequest), Object(CodeIgniter\HTTP\Response), Object(CodeIgniter\Log\Logger))
 2 ROOTPATH/tests/app/Base/BaseTestCase.php(40): App\Base\BaseTestCase->controller('App\\Controllers\\FriendController')
 3 ROOTPATH/tests/app/Controllers/FriendTest.php(189): App\Base\BaseTestCase->call_function_controller_type('post', [], 'App\\Controllers\\FriendController', 'deleteFriendship', true)
 4 VENDORPATH/phpunit/phpunit/src/Framework/TestCase.php(1656): App\Controllers\FriendTest->testDeleteFriendship()
 5 VENDORPATH/phpunit/phpunit/src/Framework/TestCase.php(514): PHPUnit\Framework\TestCase->runTest()
 6 VENDORPATH/phpunit/phpunit/src/Framework/TestRunner/TestRunner.php(87): PHPUnit\Framework\TestCase->runBare()
 7 VENDORPATH/phpunit/phpunit/src/Framework/TestCase.php(361): PHPUnit\Framework\TestRunner->run(Object(App\Controllers\FriendTest))
 8 VENDORPATH/phpunit/phpunit/src/Framework/TestSuite.php(369): PHPUnit\Framework\TestCase->run()
 9 VENDORPATH/phpunit/phpunit/src/Framework/TestSuite.php(369): PHPUnit\Framework\TestSuite->run()
10 VENDORPATH/phpunit/phpunit/src/Framework/TestSuite.php(369): PHPUnit\Framework\TestSuite->run()
11 VENDORPATH/phpunit/phpunit/src/TextUI/TestRunner.php(64): PHPUnit\Framework\TestSuite->run()
12 VENDORPATH/phpunit/phpunit/src/TextUI/Application.php(210): PHPUnit\TextUI\TestRunner->run(Object(PHPUnit\TextUI\Configuration\Configuration), Object(PHPUnit\Runner\ResultCache\DefaultResultCache), Object(PHPUnit\Framework\TestSuite))
13 VENDORPATH/phpunit/phpunit/phpunit(104): PHPUnit\TextUI\Application->run([...])
14 VENDORPATH/bin/phpunit(120): include('/var/www/html/_/vendor/phpunit/phpunit/phpunit')
WARNING - 2025-06-03 11:45:06 --> [DEPRECATED] Creation of dynamic property App\Controllers\FriendController::$token is deprecated in APPPATH/Controllers/BaseController.php on line 59.
 1 SYSTEMPATH/Test/ControllerTestTrait.php(139): App\Controllers\BaseController->initController(Object(CodeIgniter\HTTP\IncomingRequest), Object(CodeIgniter\HTTP\Response), Object(CodeIgniter\Log\Logger))
 2 ROOTPATH/tests/app/Base/BaseTestCase.php(40): App\Base\BaseTestCase->controller('App\\Controllers\\FriendController')
 3 ROOTPATH/tests/app/Controllers/FriendTest.php(211): App\Base\BaseTestCase->call_function_controller_type('post', [...], 'App\\Controllers\\FriendController', 'deleteFriendship', true)
 4 VENDORPATH/phpunit/phpunit/src/Framework/TestCase.php(1656): App\Controllers\FriendTest->testDeleteFriendship()
 5 VENDORPATH/phpunit/phpunit/src/Framework/TestCase.php(514): PHPUnit\Framework\TestCase->runTest()
 6 VENDORPATH/phpunit/phpunit/src/Framework/TestRunner/TestRunner.php(87): PHPUnit\Framework\TestCase->runBare()
 7 VENDORPATH/phpunit/phpunit/src/Framework/TestCase.php(361): PHPUnit\Framework\TestRunner->run(Object(App\Controllers\FriendTest))
 8 VENDORPATH/phpunit/phpunit/src/Framework/TestSuite.php(369): PHPUnit\Framework\TestCase->run()
 9 VENDORPATH/phpunit/phpunit/src/Framework/TestSuite.php(369): PHPUnit\Framework\TestSuite->run()
10 VENDORPATH/phpunit/phpunit/src/Framework/TestSuite.php(369): PHPUnit\Framework\TestSuite->run()
11 VENDORPATH/phpunit/phpunit/src/TextUI/TestRunner.php(64): PHPUnit\Framework\TestSuite->run()
12 VENDORPATH/phpunit/phpunit/src/TextUI/Application.php(210): PHPUnit\TextUI\TestRunner->run(Object(PHPUnit\TextUI\Configuration\Configuration), Object(PHPUnit\Runner\ResultCache\DefaultResultCache), Object(PHPUnit\Framework\TestSuite))
13 VENDORPATH/phpunit/phpunit/phpunit(104): PHPUnit\TextUI\Application->run([...])
14 VENDORPATH/bin/phpunit(120): include('/var/www/html/_/vendor/phpunit/phpunit/phpunit')
WARNING - 2025-06-03 11:45:06 --> [DEPRECATED] Creation of dynamic property App\Controllers\TokenController::$token is deprecated in APPPATH/Controllers/BaseController.php on line 59.
 1 SYSTEMPATH/Test/ControllerTestTrait.php(139): App\Controllers\BaseController->initController(Object(CodeIgniter\HTTP\IncomingRequest), Object(CodeIgniter\HTTP\Response), Object(CodeIgniter\Log\Logger))
 2 ROOTPATH/tests/app/Base/BaseTestCase.php(40): App\Base\BaseTestCase->controller('App\\Controllers\\TokenController')
 3 ROOTPATH/tests/app/Controllers/TokenTest.php(24): App\Base\BaseTestCase->call_function_controller_type('post', [...], 'App\\Controllers\\TokenController', 'insertToken', true)
 4 VENDORPATH/phpunit/phpunit/src/Framework/TestCase.php(1656): App\Controllers\TokenTest->testInsertToken()
 5 VENDORPATH/phpunit/phpunit/src/Framework/TestCase.php(514): PHPUnit\Framework\TestCase->runTest()
 6 VENDORPATH/phpunit/phpunit/src/Framework/TestRunner/TestRunner.php(87): PHPUnit\Framework\TestCase->runBare()
 7 VENDORPATH/phpunit/phpunit/src/Framework/TestCase.php(361): PHPUnit\Framework\TestRunner->run(Object(App\Controllers\TokenTest))
 8 VENDORPATH/phpunit/phpunit/src/Framework/TestSuite.php(369): PHPUnit\Framework\TestCase->run()
 9 VENDORPATH/phpunit/phpunit/src/Framework/TestSuite.php(369): PHPUnit\Framework\TestSuite->run()
10 VENDORPATH/phpunit/phpunit/src/Framework/TestSuite.php(369): PHPUnit\Framework\TestSuite->run()
11 VENDORPATH/phpunit/phpunit/src/TextUI/TestRunner.php(64): PHPUnit\Framework\TestSuite->run()
12 VENDORPATH/phpunit/phpunit/src/TextUI/Application.php(210): PHPUnit\TextUI\TestRunner->run(Object(PHPUnit\TextUI\Configuration\Configuration), Object(PHPUnit\Runner\ResultCache\DefaultResultCache), Object(PHPUnit\Framework\TestSuite))
13 VENDORPATH/phpunit/phpunit/phpunit(104): PHPUnit\TextUI\Application->run([...])
14 VENDORPATH/bin/phpunit(120): include('/var/www/html/_/vendor/phpunit/phpunit/phpunit')
WARNING - 2025-06-03 11:45:06 --> [DEPRECATED] Creation of dynamic property App\Controllers\TokenController::$tokenModel is deprecated in APPPATH/Controllers/TokenController.php on line 43.
 1 SYSTEMPATH/Test/ControllerTestTrait.php(166): App\Controllers\TokenController->insertToken()
 2 ROOTPATH/tests/app/Base/BaseTestCase.php(40): App\Base\BaseTestCase->execute('insertToken')
 3 ROOTPATH/tests/app/Controllers/TokenTest.php(24): App\Base\BaseTestCase->call_function_controller_type('post', [...], 'App\\Controllers\\TokenController', 'insertToken', true)
 4 VENDORPATH/phpunit/phpunit/src/Framework/TestCase.php(1656): App\Controllers\TokenTest->testInsertToken()
 5 VENDORPATH/phpunit/phpunit/src/Framework/TestCase.php(514): PHPUnit\Framework\TestCase->runTest()
 6 VENDORPATH/phpunit/phpunit/src/Framework/TestRunner/TestRunner.php(87): PHPUnit\Framework\TestCase->runBare()
 7 VENDORPATH/phpunit/phpunit/src/Framework/TestCase.php(361): PHPUnit\Framework\TestRunner->run(Object(App\Controllers\TokenTest))
 8 VENDORPATH/phpunit/phpunit/src/Framework/TestSuite.php(369): PHPUnit\Framework\TestCase->run()
 9 VENDORPATH/phpunit/phpunit/src/Framework/TestSuite.php(369): PHPUnit\Framework\TestSuite->run()
10 VENDORPATH/phpunit/phpunit/src/Framework/TestSuite.php(369): PHPUnit\Framework\TestSuite->run()
11 VENDORPATH/phpunit/phpunit/src/TextUI/TestRunner.php(64): PHPUnit\Framework\TestSuite->run()
12 VENDORPATH/phpunit/phpunit/src/TextUI/Application.php(210): PHPUnit\TextUI\TestRunner->run(Object(PHPUnit\TextUI\Configuration\Configuration), Object(PHPUnit\Runner\ResultCache\DefaultResultCache), Object(PHPUnit\Framework\TestSuite))
13 VENDORPATH/phpunit/phpunit/phpunit(104): PHPUnit\TextUI\Application->run([...])
14 VENDORPATH/bin/phpunit(120): include('/var/www/html/_/vendor/phpunit/phpunit/phpunit')
WARNING - 2025-06-03 11:45:06 --> [DEPRECATED] Creation of dynamic property App\Controllers\TokenController::$token is deprecated in APPPATH/Controllers/BaseController.php on line 59.
 1 SYSTEMPATH/Test/ControllerTestTrait.php(139): App\Controllers\BaseController->initController(Object(CodeIgniter\HTTP\IncomingRequest), Object(CodeIgniter\HTTP\Response), Object(CodeIgniter\Log\Logger))
 2 ROOTPATH/tests/app/Base/BaseTestCase.php(40): App\Base\BaseTestCase->controller('App\\Controllers\\TokenController')
 3 ROOTPATH/tests/app/Controllers/TokenTest.php(87): App\Base\BaseTestCase->call_function_controller_type('post', [...], 'App\\Controllers\\TokenController', 'insertToken', true)
 4 VENDORPATH/phpunit/phpunit/src/Framework/TestCase.php(1656): App\Controllers\TokenTest->testInsertToken()
 5 VENDORPATH/phpunit/phpunit/src/Framework/TestCase.php(514): PHPUnit\Framework\TestCase->runTest()
 6 VENDORPATH/phpunit/phpunit/src/Framework/TestRunner/TestRunner.php(87): PHPUnit\Framework\TestCase->runBare()
 7 VENDORPATH/phpunit/phpunit/src/Framework/TestCase.php(361): PHPUnit\Framework\TestRunner->run(Object(App\Controllers\TokenTest))
 8 VENDORPATH/phpunit/phpunit/src/Framework/TestSuite.php(369): PHPUnit\Framework\TestCase->run()
 9 VENDORPATH/phpunit/phpunit/src/Framework/TestSuite.php(369): PHPUnit\Framework\TestSuite->run()
10 VENDORPATH/phpunit/phpunit/src/Framework/TestSuite.php(369): PHPUnit\Framework\TestSuite->run()
11 VENDORPATH/phpunit/phpunit/src/TextUI/TestRunner.php(64): PHPUnit\Framework\TestSuite->run()
12 VENDORPATH/phpunit/phpunit/src/TextUI/Application.php(210): PHPUnit\TextUI\TestRunner->run(Object(PHPUnit\TextUI\Configuration\Configuration), Object(PHPUnit\Runner\ResultCache\DefaultResultCache), Object(PHPUnit\Framework\TestSuite))
13 VENDORPATH/phpunit/phpunit/phpunit(104): PHPUnit\TextUI\Application->run([...])
14 VENDORPATH/bin/phpunit(120): include('/var/www/html/_/vendor/phpunit/phpunit/phpunit')
WARNING - 2025-06-03 11:45:06 --> [DEPRECATED] Creation of dynamic property App\Controllers\TokenController::$token is deprecated in APPPATH/Controllers/BaseController.php on line 59.
 1 SYSTEMPATH/Test/ControllerTestTrait.php(139): App\Controllers\BaseController->initController(Object(CodeIgniter\HTTP\IncomingRequest), Object(CodeIgniter\HTTP\Response), Object(CodeIgniter\Log\Logger))
 2 ROOTPATH/tests/app/Base/BaseTestCase.php(40): App\Base\BaseTestCase->controller('App\\Controllers\\TokenController')
 3 ROOTPATH/tests/app/Controllers/TokenTest.php(113): App\Base\BaseTestCase->call_function_controller_type('post', [...], 'App\\Controllers\\TokenController', 'insertToken', true)
 4 VENDORPATH/phpunit/phpunit/src/Framework/TestCase.php(1656): App\Controllers\TokenTest->testInsertToken()
 5 VENDORPATH/phpunit/phpunit/src/Framework/TestCase.php(514): PHPUnit\Framework\TestCase->runTest()
 6 VENDORPATH/phpunit/phpunit/src/Framework/TestRunner/TestRunner.php(87): PHPUnit\Framework\TestCase->runBare()
 7 VENDORPATH/phpunit/phpunit/src/Framework/TestCase.php(361): PHPUnit\Framework\TestRunner->run(Object(App\Controllers\TokenTest))
 8 VENDORPATH/phpunit/phpunit/src/Framework/TestSuite.php(369): PHPUnit\Framework\TestCase->run()
 9 VENDORPATH/phpunit/phpunit/src/Framework/TestSuite.php(369): PHPUnit\Framework\TestSuite->run()
10 VENDORPATH/phpunit/phpunit/src/Framework/TestSuite.php(369): PHPUnit\Framework\TestSuite->run()
11 VENDORPATH/phpunit/phpunit/src/TextUI/TestRunner.php(64): PHPUnit\Framework\TestSuite->run()
12 VENDORPATH/phpunit/phpunit/src/TextUI/Application.php(210): PHPUnit\TextUI\TestRunner->run(Object(PHPUnit\TextUI\Configuration\Configuration), Object(PHPUnit\Runner\ResultCache\DefaultResultCache), Object(PHPUnit\Framework\TestSuite))
13 VENDORPATH/phpunit/phpunit/phpunit(104): PHPUnit\TextUI\Application->run([...])
14 VENDORPATH/bin/phpunit(120): include('/var/www/html/_/vendor/phpunit/phpunit/phpunit')
WARNING - 2025-06-03 11:45:06 --> [DEPRECATED] Creation of dynamic property App\Controllers\TokenController::$token is deprecated in APPPATH/Controllers/BaseController.php on line 59.
 1 SYSTEMPATH/Test/ControllerTestTrait.php(139): App\Controllers\BaseController->initController(Object(CodeIgniter\HTTP\IncomingRequest), Object(CodeIgniter\HTTP\Response), Object(CodeIgniter\Log\Logger))
 2 ROOTPATH/tests/app/Base/BaseTestCase.php(40): App\Base\BaseTestCase->controller('App\\Controllers\\TokenController')
 3 ROOTPATH/tests/app/Controllers/TokenTest.php(139): App\Base\BaseTestCase->call_function_controller_type('post', [...], 'App\\Controllers\\TokenController', 'insertToken', true)
 4 VENDORPATH/phpunit/phpunit/src/Framework/TestCase.php(1656): App\Controllers\TokenTest->testInsertToken()
 5 VENDORPATH/phpunit/phpunit/src/Framework/TestCase.php(514): PHPUnit\Framework\TestCase->runTest()
 6 VENDORPATH/phpunit/phpunit/src/Framework/TestRunner/TestRunner.php(87): PHPUnit\Framework\TestCase->runBare()
 7 VENDORPATH/phpunit/phpunit/src/Framework/TestCase.php(361): PHPUnit\Framework\TestRunner->run(Object(App\Controllers\TokenTest))
 8 VENDORPATH/phpunit/phpunit/src/Framework/TestSuite.php(369): PHPUnit\Framework\TestCase->run()
 9 VENDORPATH/phpunit/phpunit/src/Framework/TestSuite.php(369): PHPUnit\Framework\TestSuite->run()
10 VENDORPATH/phpunit/phpunit/src/Framework/TestSuite.php(369): PHPUnit\Framework\TestSuite->run()
11 VENDORPATH/phpunit/phpunit/src/TextUI/TestRunner.php(64): PHPUnit\Framework\TestSuite->run()
12 VENDORPATH/phpunit/phpunit/src/TextUI/Application.php(210): PHPUnit\TextUI\TestRunner->run(Object(PHPUnit\TextUI\Configuration\Configuration), Object(PHPUnit\Runner\ResultCache\DefaultResultCache), Object(PHPUnit\Framework\TestSuite))
13 VENDORPATH/phpunit/phpunit/phpunit(104): PHPUnit\TextUI\Application->run([...])
14 VENDORPATH/bin/phpunit(120): include('/var/www/html/_/vendor/phpunit/phpunit/phpunit')
WARNING - 2025-06-03 11:45:06 --> [DEPRECATED] Creation of dynamic property App\Controllers\TokenController::$token is deprecated in APPPATH/Controllers/BaseController.php on line 59.
 1 SYSTEMPATH/Test/ControllerTestTrait.php(139): App\Controllers\BaseController->initController(Object(CodeIgniter\HTTP\IncomingRequest), Object(CodeIgniter\HTTP\Response), Object(CodeIgniter\Log\Logger))
 2 ROOTPATH/tests/app/Base/BaseTestCase.php(40): App\Base\BaseTestCase->controller('App\\Controllers\\TokenController')
 3 ROOTPATH/tests/app/Controllers/TokenTest.php(160): App\Base\BaseTestCase->call_function_controller_type('post', [], 'App\\Controllers\\TokenController', 'insertToken', true)
 4 VENDORPATH/phpunit/phpunit/src/Framework/TestCase.php(1656): App\Controllers\TokenTest->testInsertToken()
 5 VENDORPATH/phpunit/phpunit/src/Framework/TestCase.php(514): PHPUnit\Framework\TestCase->runTest()
 6 VENDORPATH/phpunit/phpunit/src/Framework/TestRunner/TestRunner.php(87): PHPUnit\Framework\TestCase->runBare()
 7 VENDORPATH/phpunit/phpunit/src/Framework/TestCase.php(361): PHPUnit\Framework\TestRunner->run(Object(App\Controllers\TokenTest))
 8 VENDORPATH/phpunit/phpunit/src/Framework/TestSuite.php(369): PHPUnit\Framework\TestCase->run()
 9 VENDORPATH/phpunit/phpunit/src/Framework/TestSuite.php(369): PHPUnit\Framework\TestSuite->run()
10 VENDORPATH/phpunit/phpunit/src/Framework/TestSuite.php(369): PHPUnit\Framework\TestSuite->run()
11 VENDORPATH/phpunit/phpunit/src/TextUI/TestRunner.php(64): PHPUnit\Framework\TestSuite->run()
12 VENDORPATH/phpunit/phpunit/src/TextUI/Application.php(210): PHPUnit\TextUI\TestRunner->run(Object(PHPUnit\TextUI\Configuration\Configuration), Object(PHPUnit\Runner\ResultCache\DefaultResultCache), Object(PHPUnit\Framework\TestSuite))
13 VENDORPATH/phpunit/phpunit/phpunit(104): PHPUnit\TextUI\Application->run([...])
14 VENDORPATH/bin/phpunit(120): include('/var/www/html/_/vendor/phpunit/phpunit/phpunit')
WARNING - 2025-06-03 11:45:06 --> [DEPRECATED] Creation of dynamic property App\Controllers\TokenController::$token is deprecated in APPPATH/Controllers/BaseController.php on line 59.
 1 SYSTEMPATH/Test/ControllerTestTrait.php(139): App\Controllers\BaseController->initController(Object(CodeIgniter\HTTP\IncomingRequest), Object(CodeIgniter\HTTP\Response), Object(CodeIgniter\Log\Logger))
 2 ROOTPATH/tests/app/Base/BaseTestCase.php(40): App\Base\BaseTestCase->controller('App\\Controllers\\TokenController')
 3 ROOTPATH/tests/app/Controllers/TokenTest.php(186): App\Base\BaseTestCase->call_function_controller_type('post', [...], 'App\\Controllers\\TokenController', 'insertToken', true)
 4 VENDORPATH/phpunit/phpunit/src/Framework/TestCase.php(1656): App\Controllers\TokenTest->testInsertToken()
 5 VENDORPATH/phpunit/phpunit/src/Framework/TestCase.php(514): PHPUnit\Framework\TestCase->runTest()
 6 VENDORPATH/phpunit/phpunit/src/Framework/TestRunner/TestRunner.php(87): PHPUnit\Framework\TestCase->runBare()
 7 VENDORPATH/phpunit/phpunit/src/Framework/TestCase.php(361): PHPUnit\Framework\TestRunner->run(Object(App\Controllers\TokenTest))
 8 VENDORPATH/phpunit/phpunit/src/Framework/TestSuite.php(369): PHPUnit\Framework\TestCase->run()
 9 VENDORPATH/phpunit/phpunit/src/Framework/TestSuite.php(369): PHPUnit\Framework\TestSuite->run()
10 VENDORPATH/phpunit/phpunit/src/Framework/TestSuite.php(369): PHPUnit\Framework\TestSuite->run()
11 VENDORPATH/phpunit/phpunit/src/TextUI/TestRunner.php(64): PHPUnit\Framework\TestSuite->run()
12 VENDORPATH/phpunit/phpunit/src/TextUI/Application.php(210): PHPUnit\TextUI\TestRunner->run(Object(PHPUnit\TextUI\Configuration\Configuration), Object(PHPUnit\Runner\ResultCache\DefaultResultCache), Object(PHPUnit\Framework\TestSuite))
13 VENDORPATH/phpunit/phpunit/phpunit(104): PHPUnit\TextUI\Application->run([...])
14 VENDORPATH/bin/phpunit(120): include('/var/www/html/_/vendor/phpunit/phpunit/phpunit')
WARNING - 2025-06-03 11:45:06 --> [DEPRECATED] Creation of dynamic property App\Controllers\TokenController::$token is deprecated in APPPATH/Controllers/BaseController.php on line 59.
 1 SYSTEMPATH/Test/ControllerTestTrait.php(139): App\Controllers\BaseController->initController(Object(CodeIgniter\HTTP\IncomingRequest), Object(CodeIgniter\HTTP\Response), Object(CodeIgniter\Log\Logger))
 2 ROOTPATH/tests/app/Base/BaseTestCase.php(40): App\Base\BaseTestCase->controller('App\\Controllers\\TokenController')
 3 ROOTPATH/tests/app/Controllers/TokenTest.php(210): App\Base\BaseTestCase->call_function_controller_type('post', [...], 'App\\Controllers\\TokenController', 'insertToken', true)
 4 VENDORPATH/phpunit/phpunit/src/Framework/TestCase.php(1656): App\Controllers\TokenTest->testInsertToken()
 5 VENDORPATH/phpunit/phpunit/src/Framework/TestCase.php(514): PHPUnit\Framework\TestCase->runTest()
 6 VENDORPATH/phpunit/phpunit/src/Framework/TestRunner/TestRunner.php(87): PHPUnit\Framework\TestCase->runBare()
 7 VENDORPATH/phpunit/phpunit/src/Framework/TestCase.php(361): PHPUnit\Framework\TestRunner->run(Object(App\Controllers\TokenTest))
 8 VENDORPATH/phpunit/phpunit/src/Framework/TestSuite.php(369): PHPUnit\Framework\TestCase->run()
 9 VENDORPATH/phpunit/phpunit/src/Framework/TestSuite.php(369): PHPUnit\Framework\TestSuite->run()
10 VENDORPATH/phpunit/phpunit/src/Framework/TestSuite.php(369): PHPUnit\Framework\TestSuite->run()
11 VENDORPATH/phpunit/phpunit/src/TextUI/TestRunner.php(64): PHPUnit\Framework\TestSuite->run()
12 VENDORPATH/phpunit/phpunit/src/TextUI/Application.php(210): PHPUnit\TextUI\TestRunner->run(Object(PHPUnit\TextUI\Configuration\Configuration), Object(PHPUnit\Runner\ResultCache\DefaultResultCache), Object(PHPUnit\Framework\TestSuite))
13 VENDORPATH/phpunit/phpunit/phpunit(104): PHPUnit\TextUI\Application->run([...])
14 VENDORPATH/bin/phpunit(120): include('/var/www/html/_/vendor/phpunit/phpunit/phpunit')
WARNING - 2025-06-03 11:45:06 --> [DEPRECATED] Creation of dynamic property App\Controllers\TokenController::$token is deprecated in APPPATH/Controllers/BaseController.php on line 59.
 1 SYSTEMPATH/Test/ControllerTestTrait.php(139): App\Controllers\BaseController->initController(Object(CodeIgniter\HTTP\IncomingRequest), Object(CodeIgniter\HTTP\Response), Object(CodeIgniter\Log\Logger))
 2 ROOTPATH/tests/app/Base/BaseTestCase.php(40): App\Base\BaseTestCase->controller('App\\Controllers\\TokenController')
 3 ROOTPATH/tests/app/Controllers/TokenTest.php(228): App\Base\BaseTestCase->call_function_controller_type('post', [...], 'App\\Controllers\\TokenController', 'insertToken', true)
 4 VENDORPATH/phpunit/phpunit/src/Framework/TestCase.php(1656): App\Controllers\TokenTest->testInsertToken()
 5 VENDORPATH/phpunit/phpunit/src/Framework/TestCase.php(514): PHPUnit\Framework\TestCase->runTest()
 6 VENDORPATH/phpunit/phpunit/src/Framework/TestRunner/TestRunner.php(87): PHPUnit\Framework\TestCase->runBare()
 7 VENDORPATH/phpunit/phpunit/src/Framework/TestCase.php(361): PHPUnit\Framework\TestRunner->run(Object(App\Controllers\TokenTest))
 8 VENDORPATH/phpunit/phpunit/src/Framework/TestSuite.php(369): PHPUnit\Framework\TestCase->run()
 9 VENDORPATH/phpunit/phpunit/src/Framework/TestSuite.php(369): PHPUnit\Framework\TestSuite->run()
10 VENDORPATH/phpunit/phpunit/src/Framework/TestSuite.php(369): PHPUnit\Framework\TestSuite->run()
11 VENDORPATH/phpunit/phpunit/src/TextUI/TestRunner.php(64): PHPUnit\Framework\TestSuite->run()
12 VENDORPATH/phpunit/phpunit/src/TextUI/Application.php(210): PHPUnit\TextUI\TestRunner->run(Object(PHPUnit\TextUI\Configuration\Configuration), Object(PHPUnit\Runner\ResultCache\DefaultResultCache), Object(PHPUnit\Framework\TestSuite))
13 VENDORPATH/phpunit/phpunit/phpunit(104): PHPUnit\TextUI\Application->run([...])
14 VENDORPATH/bin/phpunit(120): include('/var/www/html/_/vendor/phpunit/phpunit/phpunit')
WARNING - 2025-06-03 11:45:06 --> [DEPRECATED] Creation of dynamic property App\Controllers\UserController::$token is deprecated in APPPATH/Controllers/BaseController.php on line 59.
 1 SYSTEMPATH/Test/ControllerTestTrait.php(139): App\Controllers\BaseController->initController(Object(CodeIgniter\HTTP\IncomingRequest), Object(CodeIgniter\HTTP\Response), Object(CodeIgniter\Log\Logger))
 2 ROOTPATH/tests/app/Base/BaseTestCase.php(40): App\Base\BaseTestCase->controller('App\\Controllers\\UserController')
 3 ROOTPATH/tests/app/Controllers/UserTest.php(24): App\Base\BaseTestCase->call_function_controller_type('post', [...], 'App\\Controllers\\UserController', 'login', true)
 4 VENDORPATH/phpunit/phpunit/src/Framework/TestCase.php(1656): App\Controllers\UserTest->testLogin()
 5 VENDORPATH/phpunit/phpunit/src/Framework/TestCase.php(514): PHPUnit\Framework\TestCase->runTest()
 6 VENDORPATH/phpunit/phpunit/src/Framework/TestRunner/TestRunner.php(87): PHPUnit\Framework\TestCase->runBare()
 7 VENDORPATH/phpunit/phpunit/src/Framework/TestCase.php(361): PHPUnit\Framework\TestRunner->run(Object(App\Controllers\UserTest))
 8 VENDORPATH/phpunit/phpunit/src/Framework/TestSuite.php(369): PHPUnit\Framework\TestCase->run()
 9 VENDORPATH/phpunit/phpunit/src/Framework/TestSuite.php(369): PHPUnit\Framework\TestSuite->run()
10 VENDORPATH/phpunit/phpunit/src/Framework/TestSuite.php(369): PHPUnit\Framework\TestSuite->run()
11 VENDORPATH/phpunit/phpunit/src/TextUI/TestRunner.php(64): PHPUnit\Framework\TestSuite->run()
12 VENDORPATH/phpunit/phpunit/src/TextUI/Application.php(210): PHPUnit\TextUI\TestRunner->run(Object(PHPUnit\TextUI\Configuration\Configuration), Object(PHPUnit\Runner\ResultCache\DefaultResultCache), Object(PHPUnit\Framework\TestSuite))
13 VENDORPATH/phpunit/phpunit/phpunit(104): PHPUnit\TextUI\Application->run([...])
14 VENDORPATH/bin/phpunit(120): include('/var/www/html/_/vendor/phpunit/phpunit/phpunit')
WARNING - 2025-06-03 11:45:07 --> [DEPRECATED] Creation of dynamic property App\Controllers\UserController::$token is deprecated in APPPATH/Controllers/BaseController.php on line 59.
 1 SYSTEMPATH/Test/ControllerTestTrait.php(139): App\Controllers\BaseController->initController(Object(CodeIgniter\HTTP\IncomingRequest), Object(CodeIgniter\HTTP\Response), Object(CodeIgniter\Log\Logger))
 2 ROOTPATH/tests/app/Base/BaseTestCase.php(40): App\Base\BaseTestCase->controller('App\\Controllers\\UserController')
 3 ROOTPATH/tests/app/Controllers/UserTest.php(62): App\Base\BaseTestCase->call_function_controller_type('post', [...], 'App\\Controllers\\UserController', 'login', true)
 4 VENDORPATH/phpunit/phpunit/src/Framework/TestCase.php(1656): App\Controllers\UserTest->testLogin()
 5 VENDORPATH/phpunit/phpunit/src/Framework/TestCase.php(514): PHPUnit\Framework\TestCase->runTest()
 6 VENDORPATH/phpunit/phpunit/src/Framework/TestRunner/TestRunner.php(87): PHPUnit\Framework\TestCase->runBare()
 7 VENDORPATH/phpunit/phpunit/src/Framework/TestCase.php(361): PHPUnit\Framework\TestRunner->run(Object(App\Controllers\UserTest))
 8 VENDORPATH/phpunit/phpunit/src/Framework/TestSuite.php(369): PHPUnit\Framework\TestCase->run()
 9 VENDORPATH/phpunit/phpunit/src/Framework/TestSuite.php(369): PHPUnit\Framework\TestSuite->run()
10 VENDORPATH/phpunit/phpunit/src/Framework/TestSuite.php(369): PHPUnit\Framework\TestSuite->run()
11 VENDORPATH/phpunit/phpunit/src/TextUI/TestRunner.php(64): PHPUnit\Framework\TestSuite->run()
12 VENDORPATH/phpunit/phpunit/src/TextUI/Application.php(210): PHPUnit\TextUI\TestRunner->run(Object(PHPUnit\TextUI\Configuration\Configuration), Object(PHPUnit\Runner\ResultCache\DefaultResultCache), Object(PHPUnit\Framework\TestSuite))
13 VENDORPATH/phpunit/phpunit/phpunit(104): PHPUnit\TextUI\Application->run([...])
14 VENDORPATH/bin/phpunit(120): include('/var/www/html/_/vendor/phpunit/phpunit/phpunit')
WARNING - 2025-06-03 11:45:07 --> [DEPRECATED] Creation of dynamic property App\Controllers\UserController::$token is deprecated in APPPATH/Controllers/BaseController.php on line 59.
 1 SYSTEMPATH/Test/ControllerTestTrait.php(139): App\Controllers\BaseController->initController(Object(CodeIgniter\HTTP\IncomingRequest), Object(CodeIgniter\HTTP\Response), Object(CodeIgniter\Log\Logger))
 2 ROOTPATH/tests/app/Base/BaseTestCase.php(40): App\Base\BaseTestCase->controller('App\\Controllers\\UserController')
 3 ROOTPATH/tests/app/Controllers/UserTest.php(82): App\Base\BaseTestCase->call_function_controller_type('post', [...], 'App\\Controllers\\UserController', 'login', true)
 4 VENDORPATH/phpunit/phpunit/src/Framework/TestCase.php(1656): App\Controllers\UserTest->testLogin()
 5 VENDORPATH/phpunit/phpunit/src/Framework/TestCase.php(514): PHPUnit\Framework\TestCase->runTest()
 6 VENDORPATH/phpunit/phpunit/src/Framework/TestRunner/TestRunner.php(87): PHPUnit\Framework\TestCase->runBare()
 7 VENDORPATH/phpunit/phpunit/src/Framework/TestCase.php(361): PHPUnit\Framework\TestRunner->run(Object(App\Controllers\UserTest))
 8 VENDORPATH/phpunit/phpunit/src/Framework/TestSuite.php(369): PHPUnit\Framework\TestCase->run()
 9 VENDORPATH/phpunit/phpunit/src/Framework/TestSuite.php(369): PHPUnit\Framework\TestSuite->run()
10 VENDORPATH/phpunit/phpunit/src/Framework/TestSuite.php(369): PHPUnit\Framework\TestSuite->run()
11 VENDORPATH/phpunit/phpunit/src/TextUI/TestRunner.php(64): PHPUnit\Framework\TestSuite->run()
12 VENDORPATH/phpunit/phpunit/src/TextUI/Application.php(210): PHPUnit\TextUI\TestRunner->run(Object(PHPUnit\TextUI\Configuration\Configuration), Object(PHPUnit\Runner\ResultCache\DefaultResultCache), Object(PHPUnit\Framework\TestSuite))
13 VENDORPATH/phpunit/phpunit/phpunit(104): PHPUnit\TextUI\Application->run([...])
14 VENDORPATH/bin/phpunit(120): include('/var/www/html/_/vendor/phpunit/phpunit/phpunit')
WARNING - 2025-06-03 11:45:08 --> [DEPRECATED] Creation of dynamic property App\Controllers\UserController::$token is deprecated in APPPATH/Controllers/BaseController.php on line 59.
 1 SYSTEMPATH/Test/ControllerTestTrait.php(139): App\Controllers\BaseController->initController(Object(CodeIgniter\HTTP\IncomingRequest), Object(CodeIgniter\HTTP\Response), Object(CodeIgniter\Log\Logger))
 2 ROOTPATH/tests/app/Base/BaseTestCase.php(40): App\Base\BaseTestCase->controller('App\\Controllers\\UserController')
 3 ROOTPATH/tests/app/Controllers/UserTest.php(108): App\Base\BaseTestCase->call_function_controller_type('get', [], 'App\\Controllers\\UserController', 'userInfo', true)
 4 VENDORPATH/phpunit/phpunit/src/Framework/TestCase.php(1656): App\Controllers\UserTest->testUserInfo()
 5 VENDORPATH/phpunit/phpunit/src/Framework/TestCase.php(514): PHPUnit\Framework\TestCase->runTest()
 6 VENDORPATH/phpunit/phpunit/src/Framework/TestRunner/TestRunner.php(87): PHPUnit\Framework\TestCase->runBare()
 7 VENDORPATH/phpunit/phpunit/src/Framework/TestCase.php(361): PHPUnit\Framework\TestRunner->run(Object(App\Controllers\UserTest))
 8 VENDORPATH/phpunit/phpunit/src/Framework/TestSuite.php(369): PHPUnit\Framework\TestCase->run()
 9 VENDORPATH/phpunit/phpunit/src/Framework/TestSuite.php(369): PHPUnit\Framework\TestSuite->run()
10 VENDORPATH/phpunit/phpunit/src/Framework/TestSuite.php(369): PHPUnit\Framework\TestSuite->run()
11 VENDORPATH/phpunit/phpunit/src/TextUI/TestRunner.php(64): PHPUnit\Framework\TestSuite->run()
12 VENDORPATH/phpunit/phpunit/src/TextUI/Application.php(210): PHPUnit\TextUI\TestRunner->run(Object(PHPUnit\TextUI\Configuration\Configuration), Object(PHPUnit\Runner\ResultCache\DefaultResultCache), Object(PHPUnit\Framework\TestSuite))
13 VENDORPATH/phpunit/phpunit/phpunit(104): PHPUnit\TextUI\Application->run([...])
14 VENDORPATH/bin/phpunit(120): include('/var/www/html/_/vendor/phpunit/phpunit/phpunit')
WARNING - 2025-06-03 11:45:08 --> [DEPRECATED] Creation of dynamic property App\Controllers\UserController::$token is deprecated in APPPATH/Controllers/BaseController.php on line 59.
 1 SYSTEMPATH/Test/ControllerTestTrait.php(139): App\Controllers\BaseController->initController(Object(CodeIgniter\HTTP\IncomingRequest), Object(CodeIgniter\HTTP\Response), Object(CodeIgniter\Log\Logger))
 2 ROOTPATH/tests/app/Base/BaseTestCase.php(40): App\Base\BaseTestCase->controller('App\\Controllers\\UserController')
 3 ROOTPATH/tests/app/Controllers/UserTest.php(137): App\Base\BaseTestCase->call_function_controller_type('get', [], 'App\\Controllers\\UserController', 'userInfo', true)
 4 VENDORPATH/phpunit/phpunit/src/Framework/TestCase.php(1656): App\Controllers\UserTest->testUserInfo()
 5 VENDORPATH/phpunit/phpunit/src/Framework/TestCase.php(514): PHPUnit\Framework\TestCase->runTest()
 6 VENDORPATH/phpunit/phpunit/src/Framework/TestRunner/TestRunner.php(87): PHPUnit\Framework\TestCase->runBare()
 7 VENDORPATH/phpunit/phpunit/src/Framework/TestCase.php(361): PHPUnit\Framework\TestRunner->run(Object(App\Controllers\UserTest))
 8 VENDORPATH/phpunit/phpunit/src/Framework/TestSuite.php(369): PHPUnit\Framework\TestCase->run()
 9 VENDORPATH/phpunit/phpunit/src/Framework/TestSuite.php(369): PHPUnit\Framework\TestSuite->run()
10 VENDORPATH/phpunit/phpunit/src/Framework/TestSuite.php(369): PHPUnit\Framework\TestSuite->run()
11 VENDORPATH/phpunit/phpunit/src/TextUI/TestRunner.php(64): PHPUnit\Framework\TestSuite->run()
12 VENDORPATH/phpunit/phpunit/src/TextUI/Application.php(210): PHPUnit\TextUI\TestRunner->run(Object(PHPUnit\TextUI\Configuration\Configuration), Object(PHPUnit\Runner\ResultCache\DefaultResultCache), Object(PHPUnit\Framework\TestSuite))
13 VENDORPATH/phpunit/phpunit/phpunit(104): PHPUnit\TextUI\Application->run([...])
14 VENDORPATH/bin/phpunit(120): include('/var/www/html/_/vendor/phpunit/phpunit/phpunit')
WARNING - 2025-06-03 11:45:08 --> [DEPRECATED] Creation of dynamic property App\Controllers\UserController::$token is deprecated in APPPATH/Controllers/BaseController.php on line 59.
 1 SYSTEMPATH/Test/ControllerTestTrait.php(139): App\Controllers\BaseController->initController(Object(CodeIgniter\HTTP\IncomingRequest), Object(CodeIgniter\HTTP\Response), Object(CodeIgniter\Log\Logger))
 2 ROOTPATH/tests/app/Base/BaseTestCase.php(40): App\Base\BaseTestCase->controller('App\\Controllers\\UserController')
 3 ROOTPATH/tests/app/Controllers/UserTest.php(164): App\Base\BaseTestCase->call_function_controller_type('post', [...], 'App\\Controllers\\UserController', 'deleteUser', true)
 4 VENDORPATH/phpunit/phpunit/src/Framework/TestCase.php(1656): App\Controllers\UserTest->testDeleteUser()
 5 VENDORPATH/phpunit/phpunit/src/Framework/TestCase.php(514): PHPUnit\Framework\TestCase->runTest()
 6 VENDORPATH/phpunit/phpunit/src/Framework/TestRunner/TestRunner.php(87): PHPUnit\Framework\TestCase->runBare()
 7 VENDORPATH/phpunit/phpunit/src/Framework/TestCase.php(361): PHPUnit\Framework\TestRunner->run(Object(App\Controllers\UserTest))
 8 VENDORPATH/phpunit/phpunit/src/Framework/TestSuite.php(369): PHPUnit\Framework\TestCase->run()
 9 VENDORPATH/phpunit/phpunit/src/Framework/TestSuite.php(369): PHPUnit\Framework\TestSuite->run()
10 VENDORPATH/phpunit/phpunit/src/Framework/TestSuite.php(369): PHPUnit\Framework\TestSuite->run()
11 VENDORPATH/phpunit/phpunit/src/TextUI/TestRunner.php(64): PHPUnit\Framework\TestSuite->run()
12 VENDORPATH/phpunit/phpunit/src/TextUI/Application.php(210): PHPUnit\TextUI\TestRunner->run(Object(PHPUnit\TextUI\Configuration\Configuration), Object(PHPUnit\Runner\ResultCache\DefaultResultCache), Object(PHPUnit\Framework\TestSuite))
13 VENDORPATH/phpunit/phpunit/phpunit(104): PHPUnit\TextUI\Application->run([...])
14 VENDORPATH/bin/phpunit(120): include('/var/www/html/_/vendor/phpunit/phpunit/phpunit')
WARNING - 2025-06-03 11:45:08 --> [DEPRECATED] Creation of dynamic property App\Controllers\UserController::$token is deprecated in APPPATH/Controllers/BaseController.php on line 59.
 1 SYSTEMPATH/Test/ControllerTestTrait.php(139): App\Controllers\BaseController->initController(Object(CodeIgniter\HTTP\IncomingRequest), Object(CodeIgniter\HTTP\Response), Object(CodeIgniter\Log\Logger))
 2 ROOTPATH/tests/app/Base/BaseTestCase.php(40): App\Base\BaseTestCase->controller('App\\Controllers\\UserController')
 3 ROOTPATH/tests/app/Controllers/UserTest.php(196): App\Base\BaseTestCase->call_function_controller_type('post', [], 'App\\Controllers\\UserController', 'deleteUser', true)
 4 VENDORPATH/phpunit/phpunit/src/Framework/TestCase.php(1656): App\Controllers\UserTest->testDeleteUser()
 5 VENDORPATH/phpunit/phpunit/src/Framework/TestCase.php(514): PHPUnit\Framework\TestCase->runTest()
 6 VENDORPATH/phpunit/phpunit/src/Framework/TestRunner/TestRunner.php(87): PHPUnit\Framework\TestCase->runBare()
 7 VENDORPATH/phpunit/phpunit/src/Framework/TestCase.php(361): PHPUnit\Framework\TestRunner->run(Object(App\Controllers\UserTest))
 8 VENDORPATH/phpunit/phpunit/src/Framework/TestSuite.php(369): PHPUnit\Framework\TestCase->run()
 9 VENDORPATH/phpunit/phpunit/src/Framework/TestSuite.php(369): PHPUnit\Framework\TestSuite->run()
10 VENDORPATH/phpunit/phpunit/src/Framework/TestSuite.php(369): PHPUnit\Framework\TestSuite->run()
11 VENDORPATH/phpunit/phpunit/src/TextUI/TestRunner.php(64): PHPUnit\Framework\TestSuite->run()
12 VENDORPATH/phpunit/phpunit/src/TextUI/Application.php(210): PHPUnit\TextUI\TestRunner->run(Object(PHPUnit\TextUI\Configuration\Configuration), Object(PHPUnit\Runner\ResultCache\DefaultResultCache), Object(PHPUnit\Framework\TestSuite))
13 VENDORPATH/phpunit/phpunit/phpunit(104): PHPUnit\TextUI\Application->run([...])
14 VENDORPATH/bin/phpunit(120): include('/var/www/html/_/vendor/phpunit/phpunit/phpunit')
WARNING - 2025-06-03 11:45:08 --> [DEPRECATED] Creation of dynamic property App\Controllers\UserController::$token is deprecated in APPPATH/Controllers/BaseController.php on line 59.
 1 SYSTEMPATH/Test/ControllerTestTrait.php(139): App\Controllers\BaseController->initController(Object(CodeIgniter\HTTP\IncomingRequest), Object(CodeIgniter\HTTP\Response), Object(CodeIgniter\Log\Logger))
 2 ROOTPATH/tests/app/Base/BaseTestCase.php(40): App\Base\BaseTestCase->controller('App\\Controllers\\UserController')
 3 ROOTPATH/tests/app/Controllers/UserTest.php(229): App\Base\BaseTestCase->call_function_controller_type('post', [...], 'App\\Controllers\\UserController', 'saveUser', true)
 4 VENDORPATH/phpunit/phpunit/src/Framework/TestCase.php(1656): App\Controllers\UserTest->testSaveUser()
 5 VENDORPATH/phpunit/phpunit/src/Framework/TestCase.php(514): PHPUnit\Framework\TestCase->runTest()
 6 VENDORPATH/phpunit/phpunit/src/Framework/TestRunner/TestRunner.php(87): PHPUnit\Framework\TestCase->runBare()
 7 VENDORPATH/phpunit/phpunit/src/Framework/TestCase.php(361): PHPUnit\Framework\TestRunner->run(Object(App\Controllers\UserTest))
 8 VENDORPATH/phpunit/phpunit/src/Framework/TestSuite.php(369): PHPUnit\Framework\TestCase->run()
 9 VENDORPATH/phpunit/phpunit/src/Framework/TestSuite.php(369): PHPUnit\Framework\TestSuite->run()
10 VENDORPATH/phpunit/phpunit/src/Framework/TestSuite.php(369): PHPUnit\Framework\TestSuite->run()
11 VENDORPATH/phpunit/phpunit/src/TextUI/TestRunner.php(64): PHPUnit\Framework\TestSuite->run()
12 VENDORPATH/phpunit/phpunit/src/TextUI/Application.php(210): PHPUnit\TextUI\TestRunner->run(Object(PHPUnit\TextUI\Configuration\Configuration), Object(PHPUnit\Runner\ResultCache\DefaultResultCache), Object(PHPUnit\Framework\TestSuite))
13 VENDORPATH/phpunit/phpunit/phpunit(104): PHPUnit\TextUI\Application->run([...])
14 VENDORPATH/bin/phpunit(120): include('/var/www/html/_/vendor/phpunit/phpunit/phpunit')
WARNING - 2025-06-03 11:45:08 --> [DEPRECATED] Creation of dynamic property App\Controllers\UserController::$token is deprecated in APPPATH/Controllers/BaseController.php on line 59.
 1 SYSTEMPATH/Test/ControllerTestTrait.php(139): App\Controllers\BaseController->initController(Object(CodeIgniter\HTTP\IncomingRequest), Object(CodeIgniter\HTTP\Response), Object(CodeIgniter\Log\Logger))
 2 ROOTPATH/tests/app/Base/BaseTestCase.php(40): App\Base\BaseTestCase->controller('App\\Controllers\\UserController')
 3 ROOTPATH/tests/app/Controllers/UserTest.php(270): App\Base\BaseTestCase->call_function_controller_type('post', [...], 'App\\Controllers\\UserController', 'saveUser', true)
 4 VENDORPATH/phpunit/phpunit/src/Framework/TestCase.php(1656): App\Controllers\UserTest->testSaveUser()
 5 VENDORPATH/phpunit/phpunit/src/Framework/TestCase.php(514): PHPUnit\Framework\TestCase->runTest()
 6 VENDORPATH/phpunit/phpunit/src/Framework/TestRunner/TestRunner.php(87): PHPUnit\Framework\TestCase->runBare()
 7 VENDORPATH/phpunit/phpunit/src/Framework/TestCase.php(361): PHPUnit\Framework\TestRunner->run(Object(App\Controllers\UserTest))
 8 VENDORPATH/phpunit/phpunit/src/Framework/TestSuite.php(369): PHPUnit\Framework\TestCase->run()
 9 VENDORPATH/phpunit/phpunit/src/Framework/TestSuite.php(369): PHPUnit\Framework\TestSuite->run()
10 VENDORPATH/phpunit/phpunit/src/Framework/TestSuite.php(369): PHPUnit\Framework\TestSuite->run()
11 VENDORPATH/phpunit/phpunit/src/TextUI/TestRunner.php(64): PHPUnit\Framework\TestSuite->run()
12 VENDORPATH/phpunit/phpunit/src/TextUI/Application.php(210): PHPUnit\TextUI\TestRunner->run(Object(PHPUnit\TextUI\Configuration\Configuration), Object(PHPUnit\Runner\ResultCache\DefaultResultCache), Object(PHPUnit\Framework\TestSuite))
13 VENDORPATH/phpunit/phpunit/phpunit(104): PHPUnit\TextUI\Application->run([...])
14 VENDORPATH/bin/phpunit(120): include('/var/www/html/_/vendor/phpunit/phpunit/phpunit')
WARNING - 2025-06-03 11:45:09 --> [DEPRECATED] Creation of dynamic property App\Controllers\UserController::$token is deprecated in APPPATH/Controllers/BaseController.php on line 59.
 1 SYSTEMPATH/Test/ControllerTestTrait.php(139): App\Controllers\BaseController->initController(Object(CodeIgniter\HTTP\IncomingRequest), Object(CodeIgniter\HTTP\Response), Object(CodeIgniter\Log\Logger))
 2 ROOTPATH/tests/app/Base/BaseTestCase.php(40): App\Base\BaseTestCase->controller('App\\Controllers\\UserController')
 3 ROOTPATH/tests/app/Controllers/UserTest.php(301): App\Base\BaseTestCase->call_function_controller_type('post', [...], 'App\\Controllers\\UserController', 'saveUser', true)
 4 VENDORPATH/phpunit/phpunit/src/Framework/TestCase.php(1656): App\Controllers\UserTest->testSaveUser()
 5 VENDORPATH/phpunit/phpunit/src/Framework/TestCase.php(514): PHPUnit\Framework\TestCase->runTest()
 6 VENDORPATH/phpunit/phpunit/src/Framework/TestRunner/TestRunner.php(87): PHPUnit\Framework\TestCase->runBare()
 7 VENDORPATH/phpunit/phpunit/src/Framework/TestCase.php(361): PHPUnit\Framework\TestRunner->run(Object(App\Controllers\UserTest))
 8 VENDORPATH/phpunit/phpunit/src/Framework/TestSuite.php(369): PHPUnit\Framework\TestCase->run()
 9 VENDORPATH/phpunit/phpunit/src/Framework/TestSuite.php(369): PHPUnit\Framework\TestSuite->run()
10 VENDORPATH/phpunit/phpunit/src/Framework/TestSuite.php(369): PHPUnit\Framework\TestSuite->run()
11 VENDORPATH/phpunit/phpunit/src/TextUI/TestRunner.php(64): PHPUnit\Framework\TestSuite->run()
12 VENDORPATH/phpunit/phpunit/src/TextUI/Application.php(210): PHPUnit\TextUI\TestRunner->run(Object(PHPUnit\TextUI\Configuration\Configuration), Object(PHPUnit\Runner\ResultCache\DefaultResultCache), Object(PHPUnit\Framework\TestSuite))
13 VENDORPATH/phpunit/phpunit/phpunit(104): PHPUnit\TextUI\Application->run([...])
14 VENDORPATH/bin/phpunit(120): include('/var/www/html/_/vendor/phpunit/phpunit/phpunit')
ERROR - 2025-06-03 11:45:09 --> Todos los campos son requeridos para el registro
WARNING - 2025-06-03 11:45:09 --> [DEPRECATED] Creation of dynamic property App\Controllers\UserController::$token is deprecated in APPPATH/Controllers/BaseController.php on line 59.
 1 SYSTEMPATH/Test/ControllerTestTrait.php(139): App\Controllers\BaseController->initController(Object(CodeIgniter\HTTP\IncomingRequest), Object(CodeIgniter\HTTP\Response), Object(CodeIgniter\Log\Logger))
 2 ROOTPATH/tests/app/Base/BaseTestCase.php(40): App\Base\BaseTestCase->controller('App\\Controllers\\UserController')
 3 ROOTPATH/tests/app/Controllers/UserTest.php(325): App\Base\BaseTestCase->call_function_controller_type('post', [...], 'App\\Controllers\\UserController', 'find', true)
 4 VENDORPATH/phpunit/phpunit/src/Framework/TestCase.php(1656): App\Controllers\UserTest->testFind()
 5 VENDORPATH/phpunit/phpunit/src/Framework/TestCase.php(514): PHPUnit\Framework\TestCase->runTest()
 6 VENDORPATH/phpunit/phpunit/src/Framework/TestRunner/TestRunner.php(87): PHPUnit\Framework\TestCase->runBare()
 7 VENDORPATH/phpunit/phpunit/src/Framework/TestCase.php(361): PHPUnit\Framework\TestRunner->run(Object(App\Controllers\UserTest))
 8 VENDORPATH/phpunit/phpunit/src/Framework/TestSuite.php(369): PHPUnit\Framework\TestCase->run()
 9 VENDORPATH/phpunit/phpunit/src/Framework/TestSuite.php(369): PHPUnit\Framework\TestSuite->run()
10 VENDORPATH/phpunit/phpunit/src/Framework/TestSuite.php(369): PHPUnit\Framework\TestSuite->run()
11 VENDORPATH/phpunit/phpunit/src/TextUI/TestRunner.php(64): PHPUnit\Framework\TestSuite->run()
12 VENDORPATH/phpunit/phpunit/src/TextUI/Application.php(210): PHPUnit\TextUI\TestRunner->run(Object(PHPUnit\TextUI\Configuration\Configuration), Object(PHPUnit\Runner\ResultCache\DefaultResultCache), Object(PHPUnit\Framework\TestSuite))
13 VENDORPATH/phpunit/phpunit/phpunit(104): PHPUnit\TextUI\Application->run([...])
14 VENDORPATH/bin/phpunit(120): include('/var/www/html/_/vendor/phpunit/phpunit/phpunit')
WARNING - 2025-06-03 11:45:09 --> [DEPRECATED] Creation of dynamic property App\Controllers\UserController::$token is deprecated in APPPATH/Controllers/BaseController.php on line 59.
 1 SYSTEMPATH/Test/ControllerTestTrait.php(139): App\Controllers\BaseController->initController(Object(CodeIgniter\HTTP\IncomingRequest), Object(CodeIgniter\HTTP\Response), Object(CodeIgniter\Log\Logger))
 2 ROOTPATH/tests/app/Base/BaseTestCase.php(40): App\Base\BaseTestCase->controller('App\\Controllers\\UserController')
 3 ROOTPATH/tests/app/Controllers/UserTest.php(354): App\Base\BaseTestCase->call_function_controller_type('post', [], 'App\\Controllers\\UserController', 'find', true)
 4 VENDORPATH/phpunit/phpunit/src/Framework/TestCase.php(1656): App\Controllers\UserTest->testFind()
 5 VENDORPATH/phpunit/phpunit/src/Framework/TestCase.php(514): PHPUnit\Framework\TestCase->runTest()
 6 VENDORPATH/phpunit/phpunit/src/Framework/TestRunner/TestRunner.php(87): PHPUnit\Framework\TestCase->runBare()
 7 VENDORPATH/phpunit/phpunit/src/Framework/TestCase.php(361): PHPUnit\Framework\TestRunner->run(Object(App\Controllers\UserTest))
 8 VENDORPATH/phpunit/phpunit/src/Framework/TestSuite.php(369): PHPUnit\Framework\TestCase->run()
 9 VENDORPATH/phpunit/phpunit/src/Framework/TestSuite.php(369): PHPUnit\Framework\TestSuite->run()
10 VENDORPATH/phpunit/phpunit/src/Framework/TestSuite.php(369): PHPUnit\Framework\TestSuite->run()
11 VENDORPATH/phpunit/phpunit/src/TextUI/TestRunner.php(64): PHPUnit\Framework\TestSuite->run()
12 VENDORPATH/phpunit/phpunit/src/TextUI/Application.php(210): PHPUnit\TextUI\TestRunner->run(Object(PHPUnit\TextUI\Configuration\Configuration), Object(PHPUnit\Runner\ResultCache\DefaultResultCache), Object(PHPUnit\Framework\TestSuite))
13 VENDORPATH/phpunit/phpunit/phpunit(104): PHPUnit\TextUI\Application->run([...])
14 VENDORPATH/bin/phpunit(120): include('/var/www/html/_/vendor/phpunit/phpunit/phpunit')
WARNING - 2025-06-03 11:45:09 --> [DEPRECATED] Creation of dynamic property App\Controllers\UserController::$token is deprecated in APPPATH/Controllers/BaseController.php on line 59.
 1 SYSTEMPATH/Test/ControllerTestTrait.php(139): App\Controllers\BaseController->initController(Object(CodeIgniter\HTTP\IncomingRequest), Object(CodeIgniter\HTTP\Response), Object(CodeIgniter\Log\Logger))
 2 ROOTPATH/tests/app/Base/BaseTestCase.php(40): App\Base\BaseTestCase->controller('App\\Controllers\\UserController')
 3 ROOTPATH/tests/app/Controllers/UserTest.php(373): App\Base\BaseTestCase->call_function_controller_type('post', [...], 'App\\Controllers\\UserController', 'find', true)
 4 VENDORPATH/phpunit/phpunit/src/Framework/TestCase.php(1656): App\Controllers\UserTest->testFind()
 5 VENDORPATH/phpunit/phpunit/src/Framework/TestCase.php(514): PHPUnit\Framework\TestCase->runTest()
 6 VENDORPATH/phpunit/phpunit/src/Framework/TestRunner/TestRunner.php(87): PHPUnit\Framework\TestCase->runBare()
 7 VENDORPATH/phpunit/phpunit/src/Framework/TestCase.php(361): PHPUnit\Framework\TestRunner->run(Object(App\Controllers\UserTest))
 8 VENDORPATH/phpunit/phpunit/src/Framework/TestSuite.php(369): PHPUnit\Framework\TestCase->run()
 9 VENDORPATH/phpunit/phpunit/src/Framework/TestSuite.php(369): PHPUnit\Framework\TestSuite->run()
10 VENDORPATH/phpunit/phpunit/src/Framework/TestSuite.php(369): PHPUnit\Framework\TestSuite->run()
11 VENDORPATH/phpunit/phpunit/src/TextUI/TestRunner.php(64): PHPUnit\Framework\TestSuite->run()
12 VENDORPATH/phpunit/phpunit/src/TextUI/Application.php(210): PHPUnit\TextUI\TestRunner->run(Object(PHPUnit\TextUI\Configuration\Configuration), Object(PHPUnit\Runner\ResultCache\DefaultResultCache), Object(PHPUnit\Framework\TestSuite))
13 VENDORPATH/phpunit/phpunit/phpunit(104): PHPUnit\TextUI\Application->run([...])
14 VENDORPATH/bin/phpunit(120): include('/var/www/html/_/vendor/phpunit/phpunit/phpunit')
