CRITICAL - 2025-02-21 10:12:29 --> TypeError: App\Controllers\Home::auth(): Return value must be of type CodeIgniter\HTTP\ResponseInterface, none returned
[Method: GET, Route: /]
in APPPATH/Controllers/Home.php on line 19.
 1 APPPATH/Controllers/Home.php(22): App\Controllers\Home->auth()
 2 SYSTEMPATH/CodeIgniter.php(933): App\Controllers\Home->index()
 3 SYSTEMPATH/CodeIgniter.php(507): CodeIgniter\CodeIgniter->runController()
 4 SYSTEMPATH/CodeIgniter.php(354): CodeIgniter\CodeIgniter->handleRequest()
 5 SYSTEMPATH/Boot.php(334): CodeIgniter\CodeIgniter->run()
 6 SYSTEMPATH/Boot.php(67): CodeIgniter\Boot::runCodeIgniter()
 7 FCPATH/index.php(60): CodeIgniter\Boot::bootWeb()
CRITICAL - 2025-02-21 10:15:57 --> TypeError: App\Controllers\Home::auth(): Return value must be of type CodeIgniter\HTTP\ResponseInterface, none returned
[Method: GET, Route: /]
in APPPATH/Controllers/Home.php on line 19.
 1 APPPATH/Controllers/Home.php(22): App\Controllers\Home->auth()
 2 SYSTEMPATH/CodeIgniter.php(933): App\Controllers\Home->index()
 3 SYSTEMPATH/CodeIgniter.php(507): CodeIgniter\CodeIgniter->runController()
 4 SYSTEMPATH/CodeIgniter.php(354): CodeIgniter\CodeIgniter->handleRequest()
 5 SYSTEMPATH/Boot.php(334): CodeIgniter\CodeIgniter->run()
 6 SYSTEMPATH/Boot.php(67): CodeIgniter\Boot::runCodeIgniter()
 7 FCPATH/index.php(60): CodeIgniter\Boot::bootWeb()
DEBUG - 2025-02-21 12:49:40 --> Session: Class initialized using 'CodeIgniter\Session\Handlers\FileHandler' driver.
DEBUG - 2025-02-21 12:49:59 --> Session: Class initialized using 'CodeIgniter\Session\Handlers\FileHandler' driver.
DEBUG - 2025-02-21 12:52:07 --> Session: Class initialized using 'CodeIgniter\Session\Handlers\FileHandler' driver.
DEBUG - 2025-02-21 12:52:52 --> Session: Class initialized using 'CodeIgniter\Session\Handlers\FileHandler' driver.
DEBUG - 2025-02-21 12:56:59 --> Session: Class initialized using 'CodeIgniter\Session\Handlers\FileHandler' driver.
DEBUG - 2025-02-21 12:57:12 --> Session: Class initialized using 'CodeIgniter\Session\Handlers\FileHandler' driver.
