CRITICAL - 2025-04-22 08:09:43 --> CodeIgniter\Format\Exceptions\FormatException: Failed to parse JSON string. Error: Malformed UTF-8 characters, possibly incorrectly encoded
[Method: POST, Route: find]
in SYSTEMPATH/Format/JSONFormatter.php on line 45.
 1 SYSTEMPATH/Format/JSONFormatter.php(45): CodeIgniter\Format\Exceptions\FormatException::forInvalidJSON()
 2 SYSTEMPATH/HTTP/ResponseTrait.php(252): CodeIgniter\Format\JSONFormatter->format()
 3 SYSTEMPATH/HTTP/ResponseTrait.php(178): CodeIgniter\HTTP\Response->formatBody()
 4 APPPATH/Controllers/UserController.php(43): CodeIgniter\HTTP\Response->setJSON()
 5 SYSTEMPATH/CodeIgniter.php(933): App\Controllers\UserController->find()
 6 SYSTEMPATH/CodeIgniter.php(507): CodeIgniter\CodeIgniter->runController()
 7 SYSTEMPATH/CodeIgniter.php(354): CodeIgniter\CodeIgniter->handleRequest()
 8 SYSTEMPATH/Boot.php(334): CodeIgniter\CodeIgniter->run()
 9 SYSTEMPATH/Boot.php(67): CodeIgniter\Boot::runCodeIgniter()
10 FCPATH/index.php(60): CodeIgniter\Boot::bootWeb()
CRITICAL - 2025-04-22 08:11:08 --> CodeIgniter\Format\Exceptions\FormatException: Failed to parse JSON string. Error: Malformed UTF-8 characters, possibly incorrectly encoded
[Method: POST, Route: find]
in SYSTEMPATH/Format/JSONFormatter.php on line 45.
 1 SYSTEMPATH/Format/JSONFormatter.php(45): CodeIgniter\Format\Exceptions\FormatException::forInvalidJSON()
 2 SYSTEMPATH/HTTP/ResponseTrait.php(252): CodeIgniter\Format\JSONFormatter->format()
 3 SYSTEMPATH/HTTP/ResponseTrait.php(178): CodeIgniter\HTTP\Response->formatBody()
 4 APPPATH/Controllers/UserController.php(43): CodeIgniter\HTTP\Response->setJSON()
 5 SYSTEMPATH/CodeIgniter.php(933): App\Controllers\UserController->find()
 6 SYSTEMPATH/CodeIgniter.php(507): CodeIgniter\CodeIgniter->runController()
 7 SYSTEMPATH/CodeIgniter.php(354): CodeIgniter\CodeIgniter->handleRequest()
 8 SYSTEMPATH/Boot.php(334): CodeIgniter\CodeIgniter->run()
 9 SYSTEMPATH/Boot.php(67): CodeIgniter\Boot::runCodeIgniter()
10 FCPATH/index.php(60): CodeIgniter\Boot::bootWeb()
